{"C:\\Users\\LEILO\\Allysson\\Projetos\\posto_certo\\styled.d.ts": {"path":"C:\\Users\\LEILO\\Allysson\\Projetos\\posto_certo\\styled.d.ts","statementMap":{},"fnMap":{},"branchMap":{},"s":{},"f":{},"b":{}}
,"C:\\Users\\LEILO\\Allysson\\Projetos\\posto_certo\\theme.ts": {"path":"C:\\Users\\LEILO\\Allysson\\Projetos\\posto_certo\\theme.ts","statementMap":{"0":{"start":{"line":3,"column":35},"end":{"line":24,"column":1}}},"fnMap":{},"branchMap":{},"s":{"0":1},"f":{},"b":{},"_coverageSchema":"1a1c01bbd47fc00a2c39e90264f33305004495a9","hash":"3c55fefbed97aa7f1a63903e45010969f88b24d2"}
,"C:\\Users\\LEILO\\Allysson\\Projetos\\posto_certo\\app\\(tabs)\\index.tsx": {"path":"C:\\Users\\LEILO\\Allysson\\Projetos\\posto_certo\\app\\(tabs)\\index.tsx","statementMap":{"0":{"start":{"line":6,"column":22},"end":{"line":12,"column":1}},"1":{"start":{"line":7,"column":2},"end":{"line":11,"column":3}}},"fnMap":{"0":{"name":"(anonymous_0)","decl":{"start":{"line":6,"column":22},"end":{"line":6,"column":23}},"loc":{"start":{"line":6,"column":28},"end":{"line":12,"column":1}},"line":6}},"branchMap":{},"s":{"0":1,"1":2},"f":{"0":2},"b":{},"_coverageSchema":"1a1c01bbd47fc00a2c39e90264f33305004495a9","hash":"ccc93a0531f0310b1cd62ca1969e011d26b0c63c"}
,"C:\\Users\\LEILO\\Allysson\\Projetos\\posto_certo\\src\\components\\Actions\\index.tsx": {"path":"C:\\Users\\LEILO\\Allysson\\Projetos\\posto_certo\\src\\components\\Actions\\index.tsx","statementMap":{"0":{"start":{"line":5,"column":16},"end":{"line":15,"column":1}},"1":{"start":{"line":6,"column":2},"end":{"line":14,"column":14}}},"fnMap":{"0":{"name":"(anonymous_0)","decl":{"start":{"line":5,"column":16},"end":{"line":5,"column":17}},"loc":{"start":{"line":6,"column":2},"end":{"line":14,"column":14}},"line":6}},"branchMap":{},"s":{"0":3,"1":2},"f":{"0":2},"b":{},"_coverageSchema":"1a1c01bbd47fc00a2c39e90264f33305004495a9","hash":"542af3c880bc6bfd51190d2e27b708e5e21621df"}
,"C:\\Users\\LEILO\\Allysson\\Projetos\\posto_certo\\src\\components\\Actions\\styles.ts": {"path":"C:\\Users\\LEILO\\Allysson\\Projetos\\posto_certo\\src\\components\\Actions\\styles.ts","statementMap":{"0":{"start":{"line":3,"column":23},"end":{"line":8,"column":1}},"1":{"start":{"line":9,"column":29},"end":{"line":14,"column":1}},"2":{"start":{"line":15,"column":21},"end":{"line":19,"column":1}},"3":{"start":{"line":20,"column":20},"end":{"line":20,"column":45}},"4":{"start":{"line":22,"column":24},"end":{"line":26,"column":1}}},"fnMap":{},"branchMap":{},"s":{"0":3,"1":3,"2":3,"3":3,"4":3},"f":{},"b":{},"_coverageSchema":"1a1c01bbd47fc00a2c39e90264f33305004495a9","hash":"e8110b0ed38c85d6dd15d6f6947e60e54566689a"}
,"C:\\Users\\LEILO\\Allysson\\Projetos\\posto_certo\\src\\components\\BannerAction\\index.tsx": {"path":"C:\\Users\\LEILO\\Allysson\\Projetos\\posto_certo\\src\\components\\BannerAction\\index.tsx","statementMap":{"0":{"start":{"line":7,"column":21},"end":{"line":23,"column":1}},"1":{"start":{"line":8,"column":2},"end":{"line":22,"column":14}},"2":{"start":{"line":25,"column":15},"end":{"line":34,"column":2}}},"fnMap":{"0":{"name":"(anonymous_0)","decl":{"start":{"line":7,"column":21},"end":{"line":7,"column":22}},"loc":{"start":{"line":8,"column":2},"end":{"line":22,"column":14}},"line":8}},"branchMap":{},"s":{"0":4,"1":3,"2":4},"f":{"0":3},"b":{},"_coverageSchema":"1a1c01bbd47fc00a2c39e90264f33305004495a9","hash":"61c165bab481f42df67a4aa5879a4abe8e1f024e"}
,"C:\\Users\\LEILO\\Allysson\\Projetos\\posto_certo\\src\\components\\BannerAction\\styles.ts": {"path":"C:\\Users\\LEILO\\Allysson\\Projetos\\posto_certo\\src\\components\\BannerAction\\styles.ts","statementMap":{"0":{"start":{"line":3,"column":23},"end":{"line":6,"column":1}},"1":{"start":{"line":7,"column":20},"end":{"line":7,"column":33}}},"fnMap":{},"branchMap":{},"s":{"0":4,"1":4},"f":{},"b":{},"_coverageSchema":"1a1c01bbd47fc00a2c39e90264f33305004495a9","hash":"bf7a3b32953ed49c86155aff0287b7f3e6e782b6"}
,"C:\\Users\\LEILO\\Allysson\\Projetos\\posto_certo\\src\\components\\Button\\index.tsx": {"path":"C:\\Users\\LEILO\\Allysson\\Projetos\\posto_certo\\src\\components\\Button\\index.tsx","statementMap":{"0":{"start":{"line":21,"column":2},"end":{"line":31,"column":3}}},"fnMap":{"0":{"name":"Button","decl":{"start":{"line":13,"column":16},"end":{"line":13,"column":22}},"loc":{"start":{"line":20,"column":16},"end":{"line":32,"column":1}},"line":20}},"branchMap":{"0":{"loc":{"start":{"line":15,"column":2},"end":{"line":15,"column":17}},"type":"default-arg","locations":[{"start":{"line":15,"column":9},"end":{"line":15,"column":17}}],"line":15},"1":{"loc":{"start":{"line":16,"column":2},"end":{"line":16,"column":16}},"type":"default-arg","locations":[{"start":{"line":16,"column":10},"end":{"line":16,"column":16}}],"line":16}},"s":{"0":2},"f":{"0":2},"b":{"0":[0],"1":[0]},"_coverageSchema":"1a1c01bbd47fc00a2c39e90264f33305004495a9","hash":"866957d2513ba1ece11dfce42b3be7f7f8900305"}
,"C:\\Users\\LEILO\\Allysson\\Projetos\\posto_certo\\src\\components\\Button\\styles.ts": {"path":"C:\\Users\\LEILO\\Allysson\\Projetos\\posto_certo\\src\\components\\Button\\styles.ts","statementMap":{"0":{"start":{"line":3,"column":15},"end":{"line":49,"column":2}}},"fnMap":{},"branchMap":{},"s":{"0":4},"f":{},"b":{},"_coverageSchema":"1a1c01bbd47fc00a2c39e90264f33305004495a9","hash":"4f245deefd5a8d792e770dc35a8d3fd282891ec4"}
,"C:\\Users\\LEILO\\Allysson\\Projetos\\posto_certo\\src\\components\\HealthIcon\\index.tsx": {"path":"C:\\Users\\LEILO\\Allysson\\Projetos\\posto_certo\\src\\components\\HealthIcon\\index.tsx","statementMap":{"0":{"start":{"line":6,"column":19},"end":{"line":13,"column":1}},"1":{"start":{"line":7,"column":2},"end":{"line":12,"column":14}}},"fnMap":{"0":{"name":"(anonymous_0)","decl":{"start":{"line":6,"column":19},"end":{"line":6,"column":20}},"loc":{"start":{"line":7,"column":2},"end":{"line":12,"column":14}},"line":7}},"branchMap":{},"s":{"0":3,"1":10},"f":{"0":10},"b":{},"_coverageSchema":"1a1c01bbd47fc00a2c39e90264f33305004495a9","hash":"3b37f3691901356dc3246409f1ac1c3f0e4c937d"}
,"C:\\Users\\LEILO\\Allysson\\Projetos\\posto_certo\\src\\components\\HealthIcon\\styles.ts": {"path":"C:\\Users\\LEILO\\Allysson\\Projetos\\posto_certo\\src\\components\\HealthIcon\\styles.ts","statementMap":{"0":{"start":{"line":3,"column":23},"end":{"line":7,"column":1}},"1":{"start":{"line":8,"column":26},"end":{"line":15,"column":1}},"2":{"start":{"line":16,"column":25},"end":{"line":22,"column":1}}},"fnMap":{},"branchMap":{},"s":{"0":3,"1":3,"2":3},"f":{},"b":{},"_coverageSchema":"1a1c01bbd47fc00a2c39e90264f33305004495a9","hash":"924a957e2cf769a14f2e69b17e1541125bedc8d2"}
,"C:\\Users\\LEILO\\Allysson\\Projetos\\posto_certo\\src\\components\\HealthMenu\\index.tsx": {"path":"C:\\Users\\LEILO\\Allysson\\Projetos\\posto_certo\\src\\components\\HealthMenu\\index.tsx","statementMap":{"0":{"start":{"line":6,"column":19},"end":{"line":17,"column":1}},"1":{"start":{"line":7,"column":2},"end":{"line":16,"column":14}}},"fnMap":{"0":{"name":"(anonymous_0)","decl":{"start":{"line":6,"column":19},"end":{"line":6,"column":20}},"loc":{"start":{"line":7,"column":2},"end":{"line":16,"column":14}},"line":7}},"branchMap":{},"s":{"0":3,"1":2},"f":{"0":2},"b":{},"_coverageSchema":"1a1c01bbd47fc00a2c39e90264f33305004495a9","hash":"57fe541c2c9f9bbea786d9164aa0744f7fe7e894"}
,"C:\\Users\\LEILO\\Allysson\\Projetos\\posto_certo\\src\\components\\HealthMenu\\styles.ts": {"path":"C:\\Users\\LEILO\\Allysson\\Projetos\\posto_certo\\src\\components\\HealthMenu\\styles.ts","statementMap":{"0":{"start":{"line":3,"column":23},"end":{"line":8,"column":1}},"1":{"start":{"line":9,"column":21},"end":{"line":13,"column":1}}},"fnMap":{},"branchMap":{},"s":{"0":3,"1":3},"f":{},"b":{},"_coverageSchema":"1a1c01bbd47fc00a2c39e90264f33305004495a9","hash":"51b27042f8addc66484535d6f55f580c6ddf9e86"}
,"C:\\Users\\LEILO\\Allysson\\Projetos\\posto_certo\\src\\components\\ProfileIcon\\index.tsx": {"path":"C:\\Users\\LEILO\\Allysson\\Projetos\\posto_certo\\src\\components\\ProfileIcon\\index.tsx","statementMap":{"0":{"start":{"line":9,"column":20},"end":{"line":13,"column":1}},"1":{"start":{"line":10,"column":2},"end":{"line":12,"column":14}}},"fnMap":{"0":{"name":"(anonymous_0)","decl":{"start":{"line":9,"column":20},"end":{"line":9,"column":21}},"loc":{"start":{"line":10,"column":2},"end":{"line":12,"column":14}},"line":10}},"branchMap":{},"s":{"0":4,"1":3},"f":{"0":3},"b":{},"_coverageSchema":"1a1c01bbd47fc00a2c39e90264f33305004495a9","hash":"429497e99f9c8f969ff11be0945105d3f1e34cde"}
,"C:\\Users\\LEILO\\Allysson\\Projetos\\posto_certo\\src\\components\\ProfileIcon\\styles.ts": {"path":"C:\\Users\\LEILO\\Allysson\\Projetos\\posto_certo\\src\\components\\ProfileIcon\\styles.ts","statementMap":{"0":{"start":{"line":3,"column":23},"end":{"line":9,"column":1}}},"fnMap":{},"branchMap":{},"s":{"0":4},"f":{},"b":{},"_coverageSchema":"1a1c01bbd47fc00a2c39e90264f33305004495a9","hash":"a96e43d3a616a1668576568507c778418d52cbc2"}
,"C:\\Users\\LEILO\\Allysson\\Projetos\\posto_certo\\src\\components\\ReportCard\\index.tsx": {"path":"C:\\Users\\LEILO\\Allysson\\Projetos\\posto_certo\\src\\components\\ReportCard\\index.tsx","statementMap":{"0":{"start":{"line":8,"column":19},"end":{"line":36,"column":1}},"1":{"start":{"line":9,"column":2},"end":{"line":35,"column":14}}},"fnMap":{"0":{"name":"(anonymous_0)","decl":{"start":{"line":8,"column":19},"end":{"line":8,"column":20}},"loc":{"start":{"line":9,"column":2},"end":{"line":35,"column":14}},"line":9}},"branchMap":{},"s":{"0":3,"1":2},"f":{"0":2},"b":{},"_coverageSchema":"1a1c01bbd47fc00a2c39e90264f33305004495a9","hash":"41cbd5d485649476976e0fc93dabb3a8898ed193"}
,"C:\\Users\\LEILO\\Allysson\\Projetos\\posto_certo\\src\\components\\ReportCard\\styles.ts": {"path":"C:\\Users\\LEILO\\Allysson\\Projetos\\posto_certo\\src\\components\\ReportCard\\styles.ts","statementMap":{"0":{"start":{"line":3,"column":23},"end":{"line":5,"column":1}}},"fnMap":{},"branchMap":{},"s":{"0":3},"f":{},"b":{},"_coverageSchema":"1a1c01bbd47fc00a2c39e90264f33305004495a9","hash":"16e691ae262a6a0e9c1bc7d9174fff5a842c195f"}
,"C:\\Users\\LEILO\\Allysson\\Projetos\\posto_certo\\src\\components\\Ribbon\\index.tsx": {"path":"C:\\Users\\LEILO\\Allysson\\Projetos\\posto_certo\\src\\components\\Ribbon\\index.tsx","statementMap":{"0":{"start":{"line":9,"column":15},"end":{"line":14,"column":1}},"1":{"start":{"line":10,"column":2},"end":{"line":13,"column":14}}},"fnMap":{"0":{"name":"(anonymous_0)","decl":{"start":{"line":9,"column":15},"end":{"line":9,"column":16}},"loc":{"start":{"line":10,"column":2},"end":{"line":13,"column":14}},"line":10}},"branchMap":{},"s":{"0":5,"1":4},"f":{"0":4},"b":{},"_coverageSchema":"1a1c01bbd47fc00a2c39e90264f33305004495a9","hash":"c6d49758e2e9859176d633a7a87fb28aeee0cf12"}
,"C:\\Users\\LEILO\\Allysson\\Projetos\\posto_certo\\src\\components\\Ribbon\\styles.ts": {"path":"C:\\Users\\LEILO\\Allysson\\Projetos\\posto_certo\\src\\components\\Ribbon\\styles.ts","statementMap":{"0":{"start":{"line":3,"column":23},"end":{"line":12,"column":1}}},"fnMap":{},"branchMap":{},"s":{"0":5},"f":{},"b":{},"_coverageSchema":"1a1c01bbd47fc00a2c39e90264f33305004495a9","hash":"e31a5c3d766f2f93a05bbf521888a3fa6b07a116"}
,"C:\\Users\\LEILO\\Allysson\\Projetos\\posto_certo\\src\\components\\SearchBar\\index.tsx": {"path":"C:\\Users\\LEILO\\Allysson\\Projetos\\posto_certo\\src\\components\\SearchBar\\index.tsx","statementMap":{"0":{"start":{"line":7,"column":18},"end":{"line":14,"column":1}},"1":{"start":{"line":8,"column":2},"end":{"line":13,"column":14}},"2":{"start":{"line":15,"column":14},"end":{"line":31,"column":2}}},"fnMap":{"0":{"name":"(anonymous_0)","decl":{"start":{"line":7,"column":18},"end":{"line":7,"column":19}},"loc":{"start":{"line":8,"column":2},"end":{"line":13,"column":14}},"line":8}},"branchMap":{},"s":{"0":3,"1":2,"2":3},"f":{"0":2},"b":{},"_coverageSchema":"1a1c01bbd47fc00a2c39e90264f33305004495a9","hash":"f3400aa9e0b44a7f041fd1dfaca458943fa39d99"}
,"C:\\Users\\LEILO\\Allysson\\Projetos\\posto_certo\\src\\components\\SearchBar\\styles.ts": {"path":"C:\\Users\\LEILO\\Allysson\\Projetos\\posto_certo\\src\\components\\SearchBar\\styles.ts","statementMap":{"0":{"start":{"line":3,"column":23},"end":{"line":6,"column":1}},"1":{"start":{"line":7,"column":21},"end":{"line":16,"column":1}}},"fnMap":{},"branchMap":{},"s":{"0":3,"1":3},"f":{},"b":{},"_coverageSchema":"1a1c01bbd47fc00a2c39e90264f33305004495a9","hash":"2366e1db25054366636140d9c0ce00136c51030c"}
,"C:\\Users\\LEILO\\Allysson\\Projetos\\posto_certo\\src\\navigation\\index.tsx": {"path":"C:\\Users\\LEILO\\Allysson\\Projetos\\posto_certo\\src\\navigation\\index.tsx","statementMap":{"0":{"start":{"line":10,"column":14},"end":{"line":10,"column":60}},"1":{"start":{"line":11,"column":12},"end":{"line":11,"column":56}},"2":{"start":{"line":13,"column":22},"end":{"line":45,"column":1}},"3":{"start":{"line":14,"column":16},"end":{"line":14,"column":26}},"4":{"start":{"line":16,"column":2},"end":{"line":44,"column":3}},"5":{"start":{"line":18,"column":37},"end":{"line":38,"column":7}},"6":{"start":{"line":24,"column":10},"end":{"line":30,"column":11}},"7":{"start":{"line":25,"column":12},"end":{"line":25,"column":31}},"8":{"start":{"line":26,"column":17},"end":{"line":30,"column":11}},"9":{"start":{"line":27,"column":12},"end":{"line":27,"column":31}},"10":{"start":{"line":29,"column":12},"end":{"line":29,"column":29}},"11":{"start":{"line":32,"column":10},"end":{"line":32,"column":70}}},"fnMap":{"0":{"name":"(anonymous_0)","decl":{"start":{"line":13,"column":22},"end":{"line":13,"column":23}},"loc":{"start":{"line":13,"column":28},"end":{"line":45,"column":1}},"line":13},"1":{"name":"(anonymous_1)","decl":{"start":{"line":18,"column":21},"end":{"line":18,"column":22}},"loc":{"start":{"line":18,"column":37},"end":{"line":38,"column":7}},"line":18},"2":{"name":"(anonymous_2)","decl":{"start":{"line":21,"column":20},"end":{"line":21,"column":21}},"loc":{"start":{"line":21,"column":41},"end":{"line":33,"column":9}},"line":21}},"branchMap":{"0":{"loc":{"start":{"line":24,"column":10},"end":{"line":30,"column":11}},"type":"if","locations":[{"start":{"line":24,"column":10},"end":{"line":30,"column":11}},{"start":{"line":26,"column":17},"end":{"line":30,"column":11}}],"line":24},"1":{"loc":{"start":{"line":26,"column":17},"end":{"line":30,"column":11}},"type":"if","locations":[{"start":{"line":26,"column":17},"end":{"line":30,"column":11}},{"start":{"line":28,"column":17},"end":{"line":30,"column":11}}],"line":26}},"s":{"0":1,"1":1,"2":1,"3":2,"4":0,"5":0,"6":0,"7":0,"8":0,"9":0,"10":0,"11":0},"f":{"0":2,"1":0,"2":0},"b":{"0":[0,0],"1":[0,0]},"_coverageSchema":"1a1c01bbd47fc00a2c39e90264f33305004495a9","hash":"bcf3b72228664b8b06cbbcd7eaa1b98f5d15ac7c"}
,"C:\\Users\\LEILO\\Allysson\\Projetos\\posto_certo\\src\\screens\\Feed\\index.tsx": {"path":"C:\\Users\\LEILO\\Allysson\\Projetos\\posto_certo\\src\\screens\\Feed\\index.tsx","statementMap":{"0":{"start":{"line":5,"column":13},"end":{"line":9,"column":1}},"1":{"start":{"line":6,"column":2},"end":{"line":8,"column":14}}},"fnMap":{"0":{"name":"(anonymous_0)","decl":{"start":{"line":5,"column":13},"end":{"line":5,"column":14}},"loc":{"start":{"line":6,"column":2},"end":{"line":8,"column":14}},"line":6}},"branchMap":{},"s":{"0":2,"1":1},"f":{"0":1},"b":{},"_coverageSchema":"1a1c01bbd47fc00a2c39e90264f33305004495a9","hash":"6fb37b16f3a9e9ef682bec496950a3db49126a48"}
,"C:\\Users\\LEILO\\Allysson\\Projetos\\posto_certo\\src\\screens\\Feed\\styles.ts": {"path":"C:\\Users\\LEILO\\Allysson\\Projetos\\posto_certo\\src\\screens\\Feed\\styles.ts","statementMap":{"0":{"start":{"line":3,"column":23},"end":{"line":8,"column":1}}},"fnMap":{},"branchMap":{},"s":{"0":2},"f":{},"b":{},"_coverageSchema":"1a1c01bbd47fc00a2c39e90264f33305004495a9","hash":"3e56f75cbcdea3e0bbc58582ac0d67eacd226093"}
,"C:\\Users\\LEILO\\Allysson\\Projetos\\posto_certo\\src\\screens\\Home\\index.tsx": {"path":"C:\\Users\\LEILO\\Allysson\\Projetos\\posto_certo\\src\\screens\\Home\\index.tsx","statementMap":{"0":{"start":{"line":8,"column":13},"end":{"line":15,"column":1}},"1":{"start":{"line":9,"column":2},"end":{"line":14,"column":14}}},"fnMap":{"0":{"name":"(anonymous_0)","decl":{"start":{"line":8,"column":13},"end":{"line":8,"column":14}},"loc":{"start":{"line":9,"column":2},"end":{"line":14,"column":14}},"line":9}},"branchMap":{},"s":{"0":2,"1":1},"f":{"0":1},"b":{},"_coverageSchema":"1a1c01bbd47fc00a2c39e90264f33305004495a9","hash":"fb6a658dbe1b1f01e68b32ebc5dcdcf363e55fb8"}
,"C:\\Users\\LEILO\\Allysson\\Projetos\\posto_certo\\src\\screens\\Home\\styles.ts": {"path":"C:\\Users\\LEILO\\Allysson\\Projetos\\posto_certo\\src\\screens\\Home\\styles.ts","statementMap":{"0":{"start":{"line":3,"column":23},"end":{"line":9,"column":1}}},"fnMap":{},"branchMap":{},"s":{"0":2},"f":{},"b":{},"_coverageSchema":"1a1c01bbd47fc00a2c39e90264f33305004495a9","hash":"95b418b980d2af749b044a1c8381ff7779670123"}
,"C:\\Users\\LEILO\\Allysson\\Projetos\\posto_certo\\src\\screens\\Profile\\index.tsx": {"path":"C:\\Users\\LEILO\\Allysson\\Projetos\\posto_certo\\src\\screens\\Profile\\index.tsx","statementMap":{"0":{"start":{"line":5,"column":16},"end":{"line":9,"column":1}},"1":{"start":{"line":6,"column":2},"end":{"line":8,"column":14}}},"fnMap":{"0":{"name":"(anonymous_0)","decl":{"start":{"line":5,"column":16},"end":{"line":5,"column":17}},"loc":{"start":{"line":6,"column":2},"end":{"line":8,"column":14}},"line":6}},"branchMap":{},"s":{"0":2,"1":1},"f":{"0":1},"b":{},"_coverageSchema":"1a1c01bbd47fc00a2c39e90264f33305004495a9","hash":"9b1f1c31163e9efdf9a77fbb7a031975514690b0"}
,"C:\\Users\\LEILO\\Allysson\\Projetos\\posto_certo\\src\\screens\\Profile\\styles.ts": {"path":"C:\\Users\\LEILO\\Allysson\\Projetos\\posto_certo\\src\\screens\\Profile\\styles.ts","statementMap":{"0":{"start":{"line":3,"column":23},"end":{"line":8,"column":1}}},"fnMap":{},"branchMap":{},"s":{"0":2},"f":{},"b":{},"_coverageSchema":"1a1c01bbd47fc00a2c39e90264f33305004495a9","hash":"2179535ff902cdaf8bd1049e71e0e8f6d6aac304"}
,"C:\\Users\\LEILO\\Allysson\\Projetos\\posto_certo\\src\\types\\index.tsx": {"path":"C:\\Users\\LEILO\\Allysson\\Projetos\\posto_certo\\src\\types\\index.tsx","statementMap":{},"fnMap":{},"branchMap":{},"s":{},"f":{},"b":{}}
}
