{"C:\\Users\\LEILO\\Allysson\\Projetos\\posto_certo\\styled.d.ts": {"path":"C:\\Users\\LEILO\\Allysson\\Projetos\\posto_certo\\styled.d.ts","statementMap":{},"fnMap":{},"branchMap":{},"s":{},"f":{},"b":{}}
,"C:\\Users\\LEILO\\Allysson\\Projetos\\posto_certo\\theme.ts": {"path":"C:\\Users\\LEILO\\Allysson\\Projetos\\posto_certo\\theme.ts","statementMap":{"0":{"start":{"line":3,"column":35},"end":{"line":24,"column":1}}},"fnMap":{},"branchMap":{},"s":{"0":1},"f":{},"b":{},"_coverageSchema":"1a1c01bbd47fc00a2c39e90264f33305004495a9","hash":"3c55fefbed97aa7f1a63903e45010969f88b24d2"}
,"C:\\Users\\LEILO\\Allysson\\Projetos\\posto_certo\\app\\(tabs)\\index.tsx": {"path":"C:\\Users\\LEILO\\Allysson\\Projetos\\posto_certo\\app\\(tabs)\\index.tsx","statementMap":{"0":{"start":{"line":7,"column":22},"end":{"line":15,"column":1}},"1":{"start":{"line":8,"column":2},"end":{"line":14,"column":3}}},"fnMap":{"0":{"name":"(anonymous_0)","decl":{"start":{"line":7,"column":22},"end":{"line":7,"column":23}},"loc":{"start":{"line":7,"column":28},"end":{"line":15,"column":1}},"line":7}},"branchMap":{},"s":{"0":1,"1":2},"f":{"0":2},"b":{},"_coverageSchema":"1a1c01bbd47fc00a2c39e90264f33305004495a9","hash":"2b40110840f010e0ab72c79e708a7258588d15f2"}
,"C:\\Users\\LEILO\\Allysson\\Projetos\\posto_certo\\src\\components\\Actions\\index.tsx": {"path":"C:\\Users\\LEILO\\Allysson\\Projetos\\posto_certo\\src\\components\\Actions\\index.tsx","statementMap":{"0":{"start":{"line":5,"column":16},"end":{"line":15,"column":1}},"1":{"start":{"line":6,"column":2},"end":{"line":14,"column":14}}},"fnMap":{"0":{"name":"(anonymous_0)","decl":{"start":{"line":5,"column":16},"end":{"line":5,"column":17}},"loc":{"start":{"line":6,"column":2},"end":{"line":14,"column":14}},"line":6}},"branchMap":{},"s":{"0":3,"1":2},"f":{"0":2},"b":{},"_coverageSchema":"1a1c01bbd47fc00a2c39e90264f33305004495a9","hash":"542af3c880bc6bfd51190d2e27b708e5e21621df"}
,"C:\\Users\\LEILO\\Allysson\\Projetos\\posto_certo\\src\\components\\Actions\\styles.ts": {"path":"C:\\Users\\LEILO\\Allysson\\Projetos\\posto_certo\\src\\components\\Actions\\styles.ts","statementMap":{"0":{"start":{"line":3,"column":23},"end":{"line":8,"column":1}},"1":{"start":{"line":9,"column":29},"end":{"line":14,"column":1}},"2":{"start":{"line":15,"column":21},"end":{"line":19,"column":1}},"3":{"start":{"line":20,"column":20},"end":{"line":20,"column":45}},"4":{"start":{"line":22,"column":24},"end":{"line":26,"column":1}}},"fnMap":{},"branchMap":{},"s":{"0":3,"1":3,"2":3,"3":3,"4":3},"f":{},"b":{},"_coverageSchema":"1a1c01bbd47fc00a2c39e90264f33305004495a9","hash":"e8110b0ed38c85d6dd15d6f6947e60e54566689a"}
,"C:\\Users\\LEILO\\Allysson\\Projetos\\posto_certo\\src\\components\\BannerAction\\index.tsx": {"path":"C:\\Users\\LEILO\\Allysson\\Projetos\\posto_certo\\src\\components\\BannerAction\\index.tsx","statementMap":{"0":{"start":{"line":6,"column":21},"end":{"line":23,"column":1}},"1":{"start":{"line":7,"column":2},"end":{"line":22,"column":14}},"2":{"start":{"line":25,"column":15},"end":{"line":43,"column":2}}},"fnMap":{"0":{"name":"(anonymous_0)","decl":{"start":{"line":6,"column":21},"end":{"line":6,"column":22}},"loc":{"start":{"line":7,"column":2},"end":{"line":22,"column":14}},"line":7}},"branchMap":{},"s":{"0":4,"1":3,"2":4},"f":{"0":3},"b":{},"_coverageSchema":"1a1c01bbd47fc00a2c39e90264f33305004495a9","hash":"2b08c2f78326e8096aae093329f2b696063da5c6"}
,"C:\\Users\\LEILO\\Allysson\\Projetos\\posto_certo\\src\\components\\BannerAction\\styles.ts": {"path":"C:\\Users\\LEILO\\Allysson\\Projetos\\posto_certo\\src\\components\\BannerAction\\styles.ts","statementMap":{"0":{"start":{"line":3,"column":23},"end":{"line":6,"column":1}},"1":{"start":{"line":7,"column":20},"end":{"line":7,"column":33}}},"fnMap":{},"branchMap":{},"s":{"0":4,"1":4},"f":{},"b":{},"_coverageSchema":"1a1c01bbd47fc00a2c39e90264f33305004495a9","hash":"bf7a3b32953ed49c86155aff0287b7f3e6e782b6"}
,"C:\\Users\\LEILO\\Allysson\\Projetos\\posto_certo\\src\\components\\Button\\index.tsx": {"path":"C:\\Users\\LEILO\\Allysson\\Projetos\\posto_certo\\src\\components\\Button\\index.tsx","statementMap":{"0":{"start":{"line":21,"column":2},"end":{"line":31,"column":3}}},"fnMap":{"0":{"name":"Button","decl":{"start":{"line":13,"column":16},"end":{"line":13,"column":22}},"loc":{"start":{"line":20,"column":16},"end":{"line":32,"column":1}},"line":20}},"branchMap":{"0":{"loc":{"start":{"line":15,"column":2},"end":{"line":15,"column":17}},"type":"default-arg","locations":[{"start":{"line":15,"column":9},"end":{"line":15,"column":17}}],"line":15},"1":{"loc":{"start":{"line":16,"column":2},"end":{"line":16,"column":16}},"type":"default-arg","locations":[{"start":{"line":16,"column":10},"end":{"line":16,"column":16}}],"line":16}},"s":{"0":2},"f":{"0":2},"b":{"0":[0],"1":[0]},"_coverageSchema":"1a1c01bbd47fc00a2c39e90264f33305004495a9","hash":"866957d2513ba1ece11dfce42b3be7f7f8900305"}
,"C:\\Users\\LEILO\\Allysson\\Projetos\\posto_certo\\src\\components\\Button\\styles.ts": {"path":"C:\\Users\\LEILO\\Allysson\\Projetos\\posto_certo\\src\\components\\Button\\styles.ts","statementMap":{"0":{"start":{"line":3,"column":15},"end":{"line":49,"column":2}}},"fnMap":{},"branchMap":{},"s":{"0":4},"f":{},"b":{},"_coverageSchema":"1a1c01bbd47fc00a2c39e90264f33305004495a9","hash":"4f245deefd5a8d792e770dc35a8d3fd282891ec4"}
,"C:\\Users\\LEILO\\Allysson\\Projetos\\posto_certo\\src\\components\\Carousel\\index.tsx": {"path":"C:\\Users\\LEILO\\Allysson\\Projetos\\posto_certo\\src\\components\\Carousel\\index.tsx","statementMap":{"0":{"start":{"line":7,"column":19},"end":{"line":60,"column":1}},"1":{"start":{"line":8,"column":16},"end":{"line":8,"column":46}},"2":{"start":{"line":9,"column":2},"end":{"line":59,"column":3}},"3":{"start":{"line":17,"column":31},"end":{"line":17,"column":67}},"4":{"start":{"line":24,"column":8},"end":{"line":56,"column":24}}},"fnMap":{"0":{"name":"(anonymous_0)","decl":{"start":{"line":7,"column":19},"end":{"line":7,"column":20}},"loc":{"start":{"line":7,"column":41},"end":{"line":60,"column":1}},"line":7},"1":{"name":"(anonymous_1)","decl":{"start":{"line":17,"column":20},"end":{"line":17,"column":21}},"loc":{"start":{"line":17,"column":31},"end":{"line":17,"column":67}},"line":17},"2":{"name":"(anonymous_2)","decl":{"start":{"line":23,"column":18},"end":{"line":23,"column":19}},"loc":{"start":{"line":24,"column":8},"end":{"line":56,"column":24}},"line":24}},"branchMap":{},"s":{"0":4,"1":3,"2":3,"3":0,"4":0},"f":{"0":3,"1":0,"2":0},"b":{},"_coverageSchema":"1a1c01bbd47fc00a2c39e90264f33305004495a9","hash":"5fe39af442a9e19b6171809261e4dc082b96c4e2"}
,"C:\\Users\\LEILO\\Allysson\\Projetos\\posto_certo\\src\\components\\Carousel\\styles.ts": {"path":"C:\\Users\\LEILO\\Allysson\\Projetos\\posto_certo\\src\\components\\Carousel\\styles.ts","statementMap":{"0":{"start":{"line":3,"column":23},"end":{"line":3,"column":36}},"1":{"start":{"line":5,"column":22},"end":{"line":16,"column":1}},"2":{"start":{"line":18,"column":26},"end":{"line":22,"column":1}}},"fnMap":{},"branchMap":{},"s":{"0":4,"1":4,"2":4},"f":{},"b":{},"_coverageSchema":"1a1c01bbd47fc00a2c39e90264f33305004495a9","hash":"f491c1ec9e75bd14ce23dce9c80dfd69a1674075"}
,"C:\\Users\\LEILO\\Allysson\\Projetos\\posto_certo\\src\\components\\HeadPublish\\index.tsx": {"path":"C:\\Users\\LEILO\\Allysson\\Projetos\\posto_certo\\src\\components\\HeadPublish\\index.tsx","statementMap":{"0":{"start":{"line":7,"column":20},"end":{"line":17,"column":1}},"1":{"start":{"line":8,"column":2},"end":{"line":16,"column":14}}},"fnMap":{"0":{"name":"(anonymous_0)","decl":{"start":{"line":7,"column":20},"end":{"line":7,"column":21}},"loc":{"start":{"line":8,"column":2},"end":{"line":16,"column":14}},"line":8}},"branchMap":{},"s":{"0":4,"1":3},"f":{"0":3},"b":{},"_coverageSchema":"1a1c01bbd47fc00a2c39e90264f33305004495a9","hash":"a28e146847175fbd368cd0fa8429701988675bf2"}
,"C:\\Users\\LEILO\\Allysson\\Projetos\\posto_certo\\src\\components\\HeadPublish\\styles.ts": {"path":"C:\\Users\\LEILO\\Allysson\\Projetos\\posto_certo\\src\\components\\HeadPublish\\styles.ts","statementMap":{"0":{"start":{"line":3,"column":23},"end":{"line":6,"column":1}},"1":{"start":{"line":7,"column":21},"end":{"line":13,"column":1}},"2":{"start":{"line":14,"column":20},"end":{"line":18,"column":1}},"3":{"start":{"line":19,"column":19},"end":{"line":22,"column":1}}},"fnMap":{},"branchMap":{},"s":{"0":4,"1":4,"2":4,"3":4},"f":{},"b":{},"_coverageSchema":"1a1c01bbd47fc00a2c39e90264f33305004495a9","hash":"656012b21b64497f6a91c251a7ea2c92c49c7838"}
,"C:\\Users\\LEILO\\Allysson\\Projetos\\posto_certo\\src\\components\\HealthIcon\\index.tsx": {"path":"C:\\Users\\LEILO\\Allysson\\Projetos\\posto_certo\\src\\components\\HealthIcon\\index.tsx","statementMap":{"0":{"start":{"line":6,"column":19},"end":{"line":13,"column":1}},"1":{"start":{"line":7,"column":2},"end":{"line":12,"column":14}}},"fnMap":{"0":{"name":"(anonymous_0)","decl":{"start":{"line":6,"column":19},"end":{"line":6,"column":20}},"loc":{"start":{"line":7,"column":2},"end":{"line":12,"column":14}},"line":7}},"branchMap":{},"s":{"0":3,"1":10},"f":{"0":10},"b":{},"_coverageSchema":"1a1c01bbd47fc00a2c39e90264f33305004495a9","hash":"3b37f3691901356dc3246409f1ac1c3f0e4c937d"}
,"C:\\Users\\LEILO\\Allysson\\Projetos\\posto_certo\\src\\components\\HealthIcon\\styles.ts": {"path":"C:\\Users\\LEILO\\Allysson\\Projetos\\posto_certo\\src\\components\\HealthIcon\\styles.ts","statementMap":{"0":{"start":{"line":3,"column":23},"end":{"line":7,"column":1}},"1":{"start":{"line":8,"column":26},"end":{"line":15,"column":1}},"2":{"start":{"line":16,"column":25},"end":{"line":22,"column":1}}},"fnMap":{},"branchMap":{},"s":{"0":3,"1":3,"2":3},"f":{},"b":{},"_coverageSchema":"1a1c01bbd47fc00a2c39e90264f33305004495a9","hash":"924a957e2cf769a14f2e69b17e1541125bedc8d2"}
,"C:\\Users\\LEILO\\Allysson\\Projetos\\posto_certo\\src\\components\\HealthMenu\\index.tsx": {"path":"C:\\Users\\LEILO\\Allysson\\Projetos\\posto_certo\\src\\components\\HealthMenu\\index.tsx","statementMap":{"0":{"start":{"line":6,"column":19},"end":{"line":17,"column":1}},"1":{"start":{"line":7,"column":2},"end":{"line":16,"column":14}}},"fnMap":{"0":{"name":"(anonymous_0)","decl":{"start":{"line":6,"column":19},"end":{"line":6,"column":20}},"loc":{"start":{"line":7,"column":2},"end":{"line":16,"column":14}},"line":7}},"branchMap":{},"s":{"0":3,"1":2},"f":{"0":2},"b":{},"_coverageSchema":"1a1c01bbd47fc00a2c39e90264f33305004495a9","hash":"57fe541c2c9f9bbea786d9164aa0744f7fe7e894"}
,"C:\\Users\\LEILO\\Allysson\\Projetos\\posto_certo\\src\\components\\HealthMenu\\styles.ts": {"path":"C:\\Users\\LEILO\\Allysson\\Projetos\\posto_certo\\src\\components\\HealthMenu\\styles.ts","statementMap":{"0":{"start":{"line":3,"column":23},"end":{"line":9,"column":1}},"1":{"start":{"line":10,"column":21},"end":{"line":14,"column":1}}},"fnMap":{},"branchMap":{},"s":{"0":3,"1":3},"f":{},"b":{},"_coverageSchema":"1a1c01bbd47fc00a2c39e90264f33305004495a9","hash":"c6d7cb59cdb87a665a148eb589ada7d0a103fffc"}
,"C:\\Users\\LEILO\\Allysson\\Projetos\\posto_certo\\src\\components\\Nearby\\index.tsx": {"path":"C:\\Users\\LEILO\\Allysson\\Projetos\\posto_certo\\src\\components\\Nearby\\index.tsx","statementMap":{"0":{"start":{"line":5,"column":15},"end":{"line":56,"column":1}},"1":{"start":{"line":6,"column":2},"end":{"line":55,"column":14}}},"fnMap":{"0":{"name":"(anonymous_0)","decl":{"start":{"line":5,"column":15},"end":{"line":5,"column":16}},"loc":{"start":{"line":6,"column":2},"end":{"line":55,"column":14}},"line":6}},"branchMap":{},"s":{"0":3,"1":2},"f":{"0":2},"b":{},"_coverageSchema":"1a1c01bbd47fc00a2c39e90264f33305004495a9","hash":"bde9cc5ae8e55055ac24e194471aaa1d3b421f5b"}
,"C:\\Users\\LEILO\\Allysson\\Projetos\\posto_certo\\src\\components\\Nearby\\styles.ts": {"path":"C:\\Users\\LEILO\\Allysson\\Projetos\\posto_certo\\src\\components\\Nearby\\styles.ts","statementMap":{"0":{"start":{"line":3,"column":23},"end":{"line":7,"column":1}},"1":{"start":{"line":8,"column":29},"end":{"line":14,"column":1}},"2":{"start":{"line":15,"column":21},"end":{"line":19,"column":1}},"3":{"start":{"line":20,"column":20},"end":{"line":20,"column":45}},"4":{"start":{"line":22,"column":24},"end":{"line":26,"column":1}},"5":{"start":{"line":27,"column":21},"end":{"line":30,"column":1}},"6":{"start":{"line":31,"column":20},"end":{"line":36,"column":1}},"7":{"start":{"line":37,"column":21},"end":{"line":39,"column":1}},"8":{"start":{"line":40,"column":25},"end":{"line":44,"column":1}},"9":{"start":{"line":45,"column":24},"end":{"line":49,"column":1}}},"fnMap":{},"branchMap":{},"s":{"0":3,"1":3,"2":3,"3":3,"4":3,"5":3,"6":3,"7":3,"8":3,"9":3},"f":{},"b":{},"_coverageSchema":"1a1c01bbd47fc00a2c39e90264f33305004495a9","hash":"ce3863bff06a34b25e0623726bdf7dfd5c38ea07"}
,"C:\\Users\\LEILO\\Allysson\\Projetos\\posto_certo\\src\\components\\Post\\index.tsx": {"path":"C:\\Users\\LEILO\\Allysson\\Projetos\\posto_certo\\src\\components\\Post\\index.tsx","statementMap":{"0":{"start":{"line":7,"column":16},"end":{"line":27,"column":1}},"1":{"start":{"line":29,"column":15},"end":{"line":36,"column":1}},"2":{"start":{"line":37,"column":13},"end":{"line":51,"column":1}},"3":{"start":{"line":38,"column":16},"end":{"line":38,"column":46}},"4":{"start":{"line":40,"column":2},"end":{"line":50,"column":3}},"5":{"start":{"line":53,"column":15},"end":{"line":66,"column":2}}},"fnMap":{"0":{"name":"(anonymous_0)","decl":{"start":{"line":37,"column":13},"end":{"line":37,"column":14}},"loc":{"start":{"line":37,"column":19},"end":{"line":51,"column":1}},"line":37}},"branchMap":{},"s":{"0":3,"1":3,"2":3,"3":4,"4":4,"5":3},"f":{"0":4},"b":{},"_coverageSchema":"1a1c01bbd47fc00a2c39e90264f33305004495a9","hash":"219bfea4f37a69a71448c359d730e4fc357a3aac"}
,"C:\\Users\\LEILO\\Allysson\\Projetos\\posto_certo\\src\\components\\Post\\styles.ts": {"path":"C:\\Users\\LEILO\\Allysson\\Projetos\\posto_certo\\src\\components\\Post\\styles.ts","statementMap":{"0":{"start":{"line":3,"column":23},"end":{"line":7,"column":1}}},"fnMap":{},"branchMap":{},"s":{"0":3},"f":{},"b":{},"_coverageSchema":"1a1c01bbd47fc00a2c39e90264f33305004495a9","hash":"cbc41b0620ca55bf736fe0cf7e3bd9af017628c0"}
,"C:\\Users\\LEILO\\Allysson\\Projetos\\posto_certo\\src\\components\\ProfileIcon\\index.tsx": {"path":"C:\\Users\\LEILO\\Allysson\\Projetos\\posto_certo\\src\\components\\ProfileIcon\\index.tsx","statementMap":{"0":{"start":{"line":8,"column":20},"end":{"line":16,"column":1}},"1":{"start":{"line":9,"column":2},"end":{"line":15,"column":21}}},"fnMap":{"0":{"name":"(anonymous_0)","decl":{"start":{"line":8,"column":20},"end":{"line":8,"column":21}},"loc":{"start":{"line":9,"column":2},"end":{"line":15,"column":21}},"line":9}},"branchMap":{"0":{"loc":{"start":{"line":8,"column":30},"end":{"line":8,"column":44}},"type":"default-arg","locations":[{"start":{"line":8,"column":37},"end":{"line":8,"column":44}}],"line":8},"1":{"loc":{"start":{"line":10,"column":5},"end":{"line":14,"column":5}},"type":"cond-expr","locations":[{"start":{"line":11,"column":6},"end":{"line":11,"column":89}},{"start":{"line":13,"column":6},"end":{"line":13,"column":61}}],"line":10}},"s":{"0":7,"1":6},"f":{"0":6},"b":{"0":[3],"1":[3,3]},"_coverageSchema":"1a1c01bbd47fc00a2c39e90264f33305004495a9","hash":"5b84acf44b004d38c6829c5b8c7a36905262b297"}
,"C:\\Users\\LEILO\\Allysson\\Projetos\\posto_certo\\src\\components\\ProfileIcon\\styles.ts": {"path":"C:\\Users\\LEILO\\Allysson\\Projetos\\posto_certo\\src\\components\\ProfileIcon\\styles.ts","statementMap":{"0":{"start":{"line":3,"column":15},"end":{"line":18,"column":2}}},"fnMap":{},"branchMap":{},"s":{"0":7},"f":{},"b":{},"_coverageSchema":"1a1c01bbd47fc00a2c39e90264f33305004495a9","hash":"bbb9c04e14cf4f0ab759161e9e48df28cb72fa2d"}
,"C:\\Users\\LEILO\\Allysson\\Projetos\\posto_certo\\src\\components\\ReportCard\\index.tsx": {"path":"C:\\Users\\LEILO\\Allysson\\Projetos\\posto_certo\\src\\components\\ReportCard\\index.tsx","statementMap":{"0":{"start":{"line":8,"column":19},"end":{"line":36,"column":1}},"1":{"start":{"line":9,"column":2},"end":{"line":35,"column":14}}},"fnMap":{"0":{"name":"(anonymous_0)","decl":{"start":{"line":8,"column":19},"end":{"line":8,"column":20}},"loc":{"start":{"line":9,"column":2},"end":{"line":35,"column":14}},"line":9}},"branchMap":{},"s":{"0":3,"1":2},"f":{"0":2},"b":{},"_coverageSchema":"1a1c01bbd47fc00a2c39e90264f33305004495a9","hash":"41cbd5d485649476976e0fc93dabb3a8898ed193"}
,"C:\\Users\\LEILO\\Allysson\\Projetos\\posto_certo\\src\\components\\ReportCard\\styles.ts": {"path":"C:\\Users\\LEILO\\Allysson\\Projetos\\posto_certo\\src\\components\\ReportCard\\styles.ts","statementMap":{"0":{"start":{"line":3,"column":23},"end":{"line":6,"column":1}}},"fnMap":{},"branchMap":{},"s":{"0":3},"f":{},"b":{},"_coverageSchema":"1a1c01bbd47fc00a2c39e90264f33305004495a9","hash":"8bad9434ef0f35500bcce73fbcb77948b0e8df6f"}
,"C:\\Users\\LEILO\\Allysson\\Projetos\\posto_certo\\src\\components\\Ribbon\\index.tsx": {"path":"C:\\Users\\LEILO\\Allysson\\Projetos\\posto_certo\\src\\components\\Ribbon\\index.tsx","statementMap":{"0":{"start":{"line":11,"column":15},"end":{"line":16,"column":1}},"1":{"start":{"line":12,"column":2},"end":{"line":15,"column":14}}},"fnMap":{"0":{"name":"(anonymous_0)","decl":{"start":{"line":11,"column":15},"end":{"line":11,"column":16}},"loc":{"start":{"line":12,"column":2},"end":{"line":15,"column":14}},"line":12}},"branchMap":{},"s":{"0":8,"1":7},"f":{"0":7},"b":{},"_coverageSchema":"1a1c01bbd47fc00a2c39e90264f33305004495a9","hash":"6bb2082339ad20955f77b071ba4c81c9b1ff92ca"}
,"C:\\Users\\LEILO\\Allysson\\Projetos\\posto_certo\\src\\components\\Ribbon\\styles.ts": {"path":"C:\\Users\\LEILO\\Allysson\\Projetos\\posto_certo\\src\\components\\Ribbon\\styles.ts","statementMap":{"0":{"start":{"line":3,"column":23},"end":{"line":12,"column":1}},"1":{"start":{"line":13,"column":21},"end":{"line":18,"column":1}},"2":{"start":{"line":20,"column":24},"end":{"line":25,"column":1}}},"fnMap":{},"branchMap":{},"s":{"0":8,"1":8,"2":8},"f":{},"b":{},"_coverageSchema":"1a1c01bbd47fc00a2c39e90264f33305004495a9","hash":"cdb75d64a099b29f537db5f4209cbf7736f3dafb"}
,"C:\\Users\\LEILO\\Allysson\\Projetos\\posto_certo\\src\\components\\SearchBar\\index.tsx": {"path":"C:\\Users\\LEILO\\Allysson\\Projetos\\posto_certo\\src\\components\\SearchBar\\index.tsx","statementMap":{"0":{"start":{"line":7,"column":18},"end":{"line":14,"column":1}},"1":{"start":{"line":8,"column":2},"end":{"line":13,"column":14}},"2":{"start":{"line":15,"column":14},"end":{"line":31,"column":2}}},"fnMap":{"0":{"name":"(anonymous_0)","decl":{"start":{"line":7,"column":18},"end":{"line":7,"column":19}},"loc":{"start":{"line":8,"column":2},"end":{"line":13,"column":14}},"line":8}},"branchMap":{},"s":{"0":3,"1":2,"2":3},"f":{"0":2},"b":{},"_coverageSchema":"1a1c01bbd47fc00a2c39e90264f33305004495a9","hash":"f3400aa9e0b44a7f041fd1dfaca458943fa39d99"}
,"C:\\Users\\LEILO\\Allysson\\Projetos\\posto_certo\\src\\components\\SearchBar\\styles.ts": {"path":"C:\\Users\\LEILO\\Allysson\\Projetos\\posto_certo\\src\\components\\SearchBar\\styles.ts","statementMap":{"0":{"start":{"line":3,"column":23},"end":{"line":7,"column":1}},"1":{"start":{"line":8,"column":21},"end":{"line":17,"column":1}}},"fnMap":{},"branchMap":{},"s":{"0":3,"1":3},"f":{},"b":{},"_coverageSchema":"1a1c01bbd47fc00a2c39e90264f33305004495a9","hash":"17299d65d8e468c1b4f04d5887e8cff16ff759b6"}
,"C:\\Users\\LEILO\\Allysson\\Projetos\\posto_certo\\src\\navigation\\index.tsx": {"path":"C:\\Users\\LEILO\\Allysson\\Projetos\\posto_certo\\src\\navigation\\index.tsx","statementMap":{"0":{"start":{"line":10,"column":14},"end":{"line":10,"column":60}},"1":{"start":{"line":11,"column":12},"end":{"line":11,"column":56}},"2":{"start":{"line":13,"column":22},"end":{"line":53,"column":1}},"3":{"start":{"line":14,"column":16},"end":{"line":14,"column":26}},"4":{"start":{"line":16,"column":2},"end":{"line":52,"column":3}},"5":{"start":{"line":18,"column":37},"end":{"line":38,"column":7}},"6":{"start":{"line":24,"column":10},"end":{"line":30,"column":11}},"7":{"start":{"line":25,"column":12},"end":{"line":25,"column":31}},"8":{"start":{"line":26,"column":17},"end":{"line":30,"column":11}},"9":{"start":{"line":27,"column":12},"end":{"line":27,"column":31}},"10":{"start":{"line":29,"column":12},"end":{"line":29,"column":29}},"11":{"start":{"line":32,"column":10},"end":{"line":32,"column":70}}},"fnMap":{"0":{"name":"(anonymous_0)","decl":{"start":{"line":13,"column":22},"end":{"line":13,"column":23}},"loc":{"start":{"line":13,"column":28},"end":{"line":53,"column":1}},"line":13},"1":{"name":"(anonymous_1)","decl":{"start":{"line":18,"column":21},"end":{"line":18,"column":22}},"loc":{"start":{"line":18,"column":37},"end":{"line":38,"column":7}},"line":18},"2":{"name":"(anonymous_2)","decl":{"start":{"line":21,"column":20},"end":{"line":21,"column":21}},"loc":{"start":{"line":21,"column":41},"end":{"line":33,"column":9}},"line":21}},"branchMap":{"0":{"loc":{"start":{"line":24,"column":10},"end":{"line":30,"column":11}},"type":"if","locations":[{"start":{"line":24,"column":10},"end":{"line":30,"column":11}},{"start":{"line":26,"column":17},"end":{"line":30,"column":11}}],"line":24},"1":{"loc":{"start":{"line":26,"column":17},"end":{"line":30,"column":11}},"type":"if","locations":[{"start":{"line":26,"column":17},"end":{"line":30,"column":11}},{"start":{"line":28,"column":17},"end":{"line":30,"column":11}}],"line":26}},"s":{"0":1,"1":1,"2":1,"3":0,"4":0,"5":0,"6":0,"7":0,"8":0,"9":0,"10":0,"11":0},"f":{"0":0,"1":0,"2":0},"b":{"0":[0,0],"1":[0,0]},"_coverageSchema":"1a1c01bbd47fc00a2c39e90264f33305004495a9","hash":"3a99a78dd9af802d2d2234e993ec8c30d1af69cd"}
,"C:\\Users\\LEILO\\Allysson\\Projetos\\posto_certo\\src\\screens\\Feed\\index.tsx": {"path":"C:\\Users\\LEILO\\Allysson\\Projetos\\posto_certo\\src\\screens\\Feed\\index.tsx","statementMap":{"0":{"start":{"line":8,"column":16},"end":{"line":28,"column":1}},"1":{"start":{"line":30,"column":15},"end":{"line":37,"column":1}},"2":{"start":{"line":39,"column":13},"end":{"line":47,"column":1}},"3":{"start":{"line":40,"column":16},"end":{"line":40,"column":46}},"4":{"start":{"line":42,"column":2},"end":{"line":46,"column":3}},"5":{"start":{"line":49,"column":15},"end":{"line":61,"column":2}}},"fnMap":{"0":{"name":"(anonymous_0)","decl":{"start":{"line":39,"column":13},"end":{"line":39,"column":14}},"loc":{"start":{"line":39,"column":19},"end":{"line":47,"column":1}},"line":39}},"branchMap":{},"s":{"0":2,"1":2,"2":2,"3":2,"4":2,"5":2},"f":{"0":2},"b":{},"_coverageSchema":"1a1c01bbd47fc00a2c39e90264f33305004495a9","hash":"687628f6ef4bc8c34cd9c7c8af2d36d6ebbcef90"}
,"C:\\Users\\LEILO\\Allysson\\Projetos\\posto_certo\\src\\screens\\Feed\\styles.ts": {"path":"C:\\Users\\LEILO\\Allysson\\Projetos\\posto_certo\\src\\screens\\Feed\\styles.ts","statementMap":{"0":{"start":{"line":3,"column":23},"end":{"line":8,"column":1}}},"fnMap":{},"branchMap":{},"s":{"0":2},"f":{},"b":{},"_coverageSchema":"1a1c01bbd47fc00a2c39e90264f33305004495a9","hash":"3e56f75cbcdea3e0bbc58582ac0d67eacd226093"}
,"C:\\Users\\LEILO\\Allysson\\Projetos\\posto_certo\\src\\screens\\Home\\index.tsx": {"path":"C:\\Users\\LEILO\\Allysson\\Projetos\\posto_certo\\src\\screens\\Home\\index.tsx","statementMap":{"0":{"start":{"line":10,"column":13},"end":{"line":18,"column":1}},"1":{"start":{"line":11,"column":2},"end":{"line":17,"column":14}},"2":{"start":{"line":19,"column":15},"end":{"line":26,"column":2}}},"fnMap":{"0":{"name":"(anonymous_0)","decl":{"start":{"line":10,"column":13},"end":{"line":10,"column":14}},"loc":{"start":{"line":11,"column":2},"end":{"line":17,"column":14}},"line":11}},"branchMap":{},"s":{"0":2,"1":1,"2":2},"f":{"0":1},"b":{},"_coverageSchema":"1a1c01bbd47fc00a2c39e90264f33305004495a9","hash":"16655ed527564cf4025298215ea64a37c159714a"}
,"C:\\Users\\LEILO\\Allysson\\Projetos\\posto_certo\\src\\screens\\Home\\styles.ts": {"path":"C:\\Users\\LEILO\\Allysson\\Projetos\\posto_certo\\src\\screens\\Home\\styles.ts","statementMap":{"0":{"start":{"line":3,"column":23},"end":{"line":8,"column":1}}},"fnMap":{},"branchMap":{},"s":{"0":2},"f":{},"b":{},"_coverageSchema":"1a1c01bbd47fc00a2c39e90264f33305004495a9","hash":"51627d797b9e7f362ec99c53326b34ce0752df53"}
,"C:\\Users\\LEILO\\Allysson\\Projetos\\posto_certo\\src\\screens\\Profile\\index.tsx": {"path":"C:\\Users\\LEILO\\Allysson\\Projetos\\posto_certo\\src\\screens\\Profile\\index.tsx","statementMap":{"0":{"start":{"line":5,"column":16},"end":{"line":9,"column":1}},"1":{"start":{"line":6,"column":2},"end":{"line":8,"column":14}}},"fnMap":{"0":{"name":"(anonymous_0)","decl":{"start":{"line":5,"column":16},"end":{"line":5,"column":17}},"loc":{"start":{"line":6,"column":2},"end":{"line":8,"column":14}},"line":6}},"branchMap":{},"s":{"0":2,"1":1},"f":{"0":1},"b":{},"_coverageSchema":"1a1c01bbd47fc00a2c39e90264f33305004495a9","hash":"9b1f1c31163e9efdf9a77fbb7a031975514690b0"}
,"C:\\Users\\LEILO\\Allysson\\Projetos\\posto_certo\\src\\screens\\Profile\\styles.ts": {"path":"C:\\Users\\LEILO\\Allysson\\Projetos\\posto_certo\\src\\screens\\Profile\\styles.ts","statementMap":{"0":{"start":{"line":3,"column":23},"end":{"line":8,"column":1}}},"fnMap":{},"branchMap":{},"s":{"0":2},"f":{},"b":{},"_coverageSchema":"1a1c01bbd47fc00a2c39e90264f33305004495a9","hash":"2179535ff902cdaf8bd1049e71e0e8f6d6aac304"}
,"C:\\Users\\LEILO\\Allysson\\Projetos\\posto_certo\\src\\types\\index.tsx": {"path":"C:\\Users\\LEILO\\Allysson\\Projetos\\posto_certo\\src\\types\\index.tsx","statementMap":{},"fnMap":{},"branchMap":{},"s":{},"f":{},"b":{}}
}
